2024-04-20T19:37:09.059Z [right meow!] error: {400}: Expected double-quoted property name in JSON at position 53
2024-04-27T05:12:40.908Z [right meow!] error: {undefined}: Please login to access this resource
2024-04-27T05:12:50.373Z [right meow!] error: {undefined}: Please login to access this resource
2024-04-27T05:12:56.000Z [right meow!] error: {undefined}: count is not defined
2024-04-27T05:13:37.872Z [right meow!] error: {undefined}: count is not defined
2024-04-27T05:14:50.202Z [right meow!] error: {undefined}: count is not defined
2024-04-27T05:16:12.079Z [right meow!] error: {undefined}: Please login to access this resource
2024-04-27T05:16:13.180Z [right meow!] error: {undefined}: Please login to access this resource
2024-04-27T05:16:14.156Z [right meow!] error: {undefined}: Please login to access this resource
2024-04-27T05:19:23.502Z [right meow!] error: {undefined}: Please login to access this resource
2024-04-27T05:19:25.980Z [right meow!] error: {undefined}: Please login to access this resource
2024-04-27T05:19:30.748Z [right meow!] error: {undefined}: count is not defined
2024-04-27T05:20:23.943Z [right meow!] error: {undefined}: Invalid Credentials
2024-04-27T05:20:41.120Z [right meow!] error: {undefined}: Invalid Credentials
2024-04-27T05:20:44.335Z [right meow!] error: {undefined}: Invalid Credentials
2024-04-27T05:20:46.467Z [right meow!] error: {undefined}: Invalid Credentials
2024-04-27T05:20:49.007Z [right meow!] error: {undefined}: Invalid Credentials
2024-04-27T05:20:53.292Z [right meow!] error: {undefined}: Access Denied
2024-04-27T05:20:55.725Z [right meow!] error: {undefined}: Access Denied 2
2024-04-27T05:20:58.322Z [right meow!] error: {undefined}: Access Denied 2
2024-04-27T05:20:59.277Z [right meow!] error: {undefined}: Access Denied 2
2024-04-27T05:20:59.998Z [right meow!] error: {undefined}: Access Denied 2
2024-04-27T05:22:09.724Z [right meow!] error: {undefined}: Access Denied 2
2024-04-27T05:23:59.393Z [right meow!] error: {undefined}: Access Denied
2024-04-27T05:41:29.737Z [right meow!] error: {undefined}: Please login to access this resource
2024-04-27T06:07:31.939Z [right meow!] error: {undefined}: Please login to access this resource
2024-04-28T15:27:48.166Z [right meow!] error: {undefined}: Please login to access this resource
2024-04-28T15:27:49.847Z [right meow!] error: {undefined}: Please login to access this resource
2024-04-28T15:27:49.861Z [right meow!] error: {undefined}: Please login to access this resource
2024-04-28T15:27:54.889Z [right meow!] error: {undefined}: Please login to access this resource
2024-04-28T15:27:56.484Z [right meow!] error: {undefined}: Please login to access this resource
2024-04-28T15:27:56.488Z [right meow!] error: {undefined}: Please login to access this resource
2024-04-28T15:27:58.482Z [right meow!] error: {undefined}: Please login to access this resource
2024-04-28T15:27:58.484Z [right meow!] error: {undefined}: Please login to access this resource
2024-04-28T15:27:59.520Z [right meow!] error: {undefined}: Please login to access this resource
2024-04-28T15:28:02.903Z [right meow!] error: {undefined}: Access Denied
2024-04-28T15:28:46.005Z [right meow!] error: {undefined}: Access Denied
2024-04-28T15:31:07.634Z [right meow!] error: {undefined}: Access Denied
2024-04-28T15:32:48.105Z [right meow!] error: {undefined}: Invalid Credentials
2024-04-28T15:33:09.048Z [right meow!] error: {undefined}: Invalid Credentials
2024-04-28T15:34:04.517Z [right meow!] error: {undefined}: Invalid Credentials
2024-04-28T15:34:12.476Z [right meow!] error: {undefined}: Invalid Credentials
2024-04-28T15:34:13.917Z [right meow!] error: {undefined}: Invalid Credentials
2024-04-28T15:34:15.172Z [right meow!] error: {undefined}: Access Denied
2024-04-28T15:34:20.920Z [right meow!] error: {undefined}: Please login to access this resource
2024-04-28T15:34:20.922Z [right meow!] error: {undefined}: Please login to access this resource
2024-04-28T15:34:21.336Z [right meow!] error: {undefined}: Please login to access this resource
2024-04-28T15:35:14.010Z [right meow!] error: {undefined}: Please login to access this resource
2024-04-28T15:35:15.080Z [right meow!] error: {undefined}: Please login to access this resource
2024-04-28T15:35:15.083Z [right meow!] error: {undefined}: Please login to access this resource
2024-04-28T15:35:19.467Z [right meow!] error: {undefined}: Please login to access this resource
2024-04-28T15:35:19.479Z [right meow!] error: {undefined}: Please login to access this resource
2024-04-28T15:35:20.493Z [right meow!] error: {undefined}: Please login to access this resource
2024-04-28T15:35:20.501Z [right meow!] error: {undefined}: Please login to access this resource
2024-04-28T15:35:21.828Z [right meow!] error: {undefined}: Please login to access this resource
2024-04-28T15:35:21.833Z [right meow!] error: {undefined}: Please login to access this resource
2024-04-28T15:35:24.044Z [right meow!] error: {undefined}: Please login to access this resource
2024-04-28T15:35:50.603Z [right meow!] error: {undefined}: Please login to access this resource
