2024-04-20T19:37:09.059Z [right meow!] error: {400}: Expected double-quoted property name in JSON at position 53
2024-04-27T05:12:40.908Z [right meow!] error: {undefined}: Please login to access this resource
2024-04-27T05:12:50.373Z [right meow!] error: {undefined}: Please login to access this resource
2024-04-27T05:12:56.000Z [right meow!] error: {undefined}: count is not defined
2024-04-27T05:13:37.872Z [right meow!] error: {undefined}: count is not defined
2024-04-27T05:14:50.202Z [right meow!] error: {undefined}: count is not defined
2024-04-27T05:16:12.079Z [right meow!] error: {undefined}: Please login to access this resource
2024-04-27T05:16:13.180Z [right meow!] error: {undefined}: Please login to access this resource
2024-04-27T05:16:14.156Z [right meow!] error: {undefined}: Please login to access this resource
2024-04-27T05:19:23.502Z [right meow!] error: {undefined}: Please login to access this resource
2024-04-27T05:19:25.980Z [right meow!] error: {undefined}: Please login to access this resource
2024-04-27T05:19:30.748Z [right meow!] error: {undefined}: count is not defined
2024-04-27T05:20:23.943Z [right meow!] error: {undefined}: Invalid Credentials
2024-04-27T05:20:41.120Z [right meow!] error: {undefined}: Invalid Credentials
2024-04-27T05:20:44.335Z [right meow!] error: {undefined}: Invalid Credentials
2024-04-27T05:20:46.467Z [right meow!] error: {undefined}: Invalid Credentials
2024-04-27T05:20:49.007Z [right meow!] error: {undefined}: Invalid Credentials
2024-04-27T05:20:53.292Z [right meow!] error: {undefined}: Access Denied
2024-04-27T05:20:55.725Z [right meow!] error: {undefined}: Access Denied 2
2024-04-27T05:20:58.322Z [right meow!] error: {undefined}: Access Denied 2
2024-04-27T05:20:59.277Z [right meow!] error: {undefined}: Access Denied 2
2024-04-27T05:20:59.998Z [right meow!] error: {undefined}: Access Denied 2
2024-04-27T05:22:09.724Z [right meow!] error: {undefined}: Access Denied 2
2024-04-27T05:23:59.393Z [right meow!] error: {undefined}: Access Denied
2024-04-27T05:41:29.737Z [right meow!] error: {undefined}: Please login to access this resource
2024-04-27T06:07:31.939Z [right meow!] error: {undefined}: Please login to access this resource
